Started by user [8mha:////4HqSc4Rw0Cgcqnp+ci3OPIMHsb/fCQoXN6DcFqbs5AOiAAAAmB+LCAAAAAAAAP9b85aBtbiIQTGjNKU4P08vOT+vOD8nVc83PyU1x6OyILUoJzMv2y+/JJUBAhiZGBgqihhk0NSjKDWzXb3RdlLBUSYGJk8GtpzUvPSSDB8G5tKinBIGIZ+sxLJE/ZzEvHT94JKizLx0a6BxUmjGOUNodHsLgAzeEgYe/dLi1CL9lNTUgsRsAIbYXkfBAAAA[0mDeepak Thakur
Building remotely on [8mha:////4CSkwZhRm2v519wJE72cZssOQsiDDhJPUj4audppPktYAAAAox+LCAAAAAAAAP9b85aBtbiIQTGjNKU4P08vOT+vOD8nVc83PyU1x6OyILUoJzMv2y+/JJUBAhiZGBgqihhk0NSjKDWzXb3RdlLBUSYGJk8GtpzUvPSSDB8G5tKinBIGIZ+sxLJE/ZzEvHT94JKizLx0a6BxUmjGOUNodHsLgAy+EgYJ/eT83ILSktQi/eBUoPGZpbm6wTmJZakA3pUoS80AAAA=[0mSelenium-Slave (SeleniumTest) in workspace /home/workspace/HRMS-PHP
Cloning the remote Git repository
Cloning repository https://github.com/SynapseLLC/203-HRSystem.git
 > git init /home/workspace/HRMS-PHP # timeout=10
Fetching upstream changes from https://github.com/SynapseLLC/203-HRSystem.git
 > git --version # timeout=10
using GIT_ASKPASS to set credentials 
 > git fetch --tags --progress https://github.com/SynapseLLC/203-HRSystem.git +refs/heads/*:refs/remotes/origin/*
 > git config remote.origin.url https://github.com/SynapseLLC/203-HRSystem.git # timeout=10
 > git config --add remote.origin.fetch +refs/heads/*:refs/remotes/origin/* # timeout=10
 > git config remote.origin.url https://github.com/SynapseLLC/203-HRSystem.git # timeout=10
Fetching upstream changes from https://github.com/SynapseLLC/203-HRSystem.git
using GIT_ASKPASS to set credentials 
 > git fetch --tags --progress https://github.com/SynapseLLC/203-HRSystem.git +refs/heads/*:refs/remotes/origin/*
 > git rev-parse refs/remotes/origin/api-hrsystem-dev^{commit} # timeout=10
 > git rev-parse refs/remotes/origin/origin/api-hrsystem-dev^{commit} # timeout=10
Checking out Revision ab594ce2145b3ae517ad33d486d95721c78fd7ae (refs/remotes/origin/api-hrsystem-dev)
 > git config core.sparsecheckout # timeout=10
 > git checkout -f ab594ce2145b3ae517ad33d486d95721c78fd7ae
Commit message: "Changes in the order [#160580081]"
 > git rev-list --no-walk ab594ce2145b3ae517ad33d486d95721c78fd7ae # timeout=10
[HRMS-PHP] $ /bin/sh -xe /tmp/jenkins105793359925328874.sh
+ export DB_NAME=thesynap_test_devdb
+ export DB_HOST=35.199.17.103
+ export DB_PASS=83mhCu24bGVpeRP6
+ export DB_USER=hrms_devssl
+ ant
Buildfile: /home/workspace/HRMS-PHP/build.xml

clean:

prepare:
    [mkdir] Created dir: /home/workspace/HRMS-PHP/build/api
    [mkdir] Created dir: /home/workspace/HRMS-PHP/build/coverage
    [mkdir] Created dir: /home/workspace/HRMS-PHP/build/logs
    [mkdir] Created dir: /home/workspace/HRMS-PHP/build/pdepend
    [mkdir] Created dir: /home/workspace/HRMS-PHP/build/phpdox

lint:

BUILD FAILED
/home/workspace/HRMS-PHP/build.xml:88: Execute failed: java.io.IOException: Cannot run program "php" (in directory "/home/workspace/HRMS-PHP"): error=2, No such file or directory
	at java.lang.ProcessBuilder.start(ProcessBuilder.java:1048)
	at java.lang.Runtime.exec(Runtime.java:620)
	at org.apache.tools.ant.taskdefs.launcher.Java13CommandLauncher.exec(Java13CommandLauncher.java:58)
	at org.apache.tools.ant.taskdefs.Execute.launch(Execute.java:426)
	at org.apache.tools.ant.taskdefs.Execute.execute(Execute.java:440)
	at org.apache.tools.ant.taskdefs.ExecTask.runExecute(ExecTask.java:629)
	at org.apache.tools.ant.taskdefs.ExecuteOn.runExec(ExecuteOn.java:411)
	at org.apache.tools.ant.taskdefs.ExecTask.execute(ExecTask.java:496)
	at org.apache.tools.ant.UnknownElement.execute(UnknownElement.java:293)
	at sun.reflect.GeneratedMethodAccessor4.invoke(Unknown Source)
	at sun.reflect.DelegatingMethodAccessorImpl.invoke(DelegatingMethodAccessorImpl.java:43)
	at java.lang.reflect.Method.invoke(Method.java:498)
	at org.apache.tools.ant.dispatch.DispatchUtils.execute(DispatchUtils.java:106)
	at org.apache.tools.ant.Task.perform(Task.java:348)
	at org.apache.tools.ant.Target.execute(Target.java:435)
	at org.apache.tools.ant.Target.performTasks(Target.java:456)
	at org.apache.tools.ant.Project.executeSortedTargets(Project.java:1405)
	at org.apache.tools.ant.Project.executeTarget(Project.java:1376)
	at org.apache.tools.ant.helper.DefaultExecutor.executeTargets(DefaultExecutor.java:41)
	at org.apache.tools.ant.Project.executeTargets(Project.java:1260)
	at org.apache.tools.ant.Main.runBuild(Main.java:857)
	at org.apache.tools.ant.Main.startAnt(Main.java:236)
	at org.apache.tools.ant.launch.Launcher.run(Launcher.java:287)
	at org.apache.tools.ant.launch.Launcher.main(Launcher.java:113)
Caused by: java.io.IOException: error=2, No such file or directory
	at java.lang.UNIXProcess.forkAndExec(Native Method)
	at java.lang.UNIXProcess.<init>(UNIXProcess.java:247)
	at java.lang.ProcessImpl.start(ProcessImpl.java:134)
	at java.lang.ProcessBuilder.start(ProcessBuilder.java:1029)
	... 23 more

Total time: 0 seconds
Build step 'Execute shell' marked build as failure
Finished: FAILURE
